<?xml version="1.0" encoding="UTF-8"?>
<!-- Generated by org.testng.reporters.JUnitReportReporter -->
<testsuite hostname="DESKTOP-ULU6Q4K" failures="0" tests="1" name="testNGPKG.Grouping" time="0.007" errors="0" timestamp="2024-05-22T20:18:00 IST" skipped="0">
  <testcase classname="testNGPKG.Grouping" name="main2" time="0.007"/>
  <system-out/>
</testsuite> <!-- testNGPKG.Grouping -->
