<?xml version="1.0" encoding="UTF-8"?>
<!-- Generated by org.testng.reporters.JUnitReportReporter -->
<testsuite hostname="DESKTOP-ULU6Q4K" failures="0" tests="1" name="test.FBlogintest1" time="12.609" errors="0" timestamp="2024-05-31T11:15:23 IST" skipped="0">
  <testcase classname="test.FBlogintest1" name="testlogin" time="12.609"/>
  <system-out/>
</testsuite> <!-- test.FBlogintest1 -->
