<?xml version="1.0" encoding="UTF-8"?>
<!-- Generated by org.testng.reporters.JUnitReportReporter -->
<testsuite hostname="DESKTOP-ULU6Q4K" failures="0" tests="1" name="testNGPKG.Fileuploadpgm" time="9.069" errors="0" timestamp="2024-05-28T20:37:24 IST" skipped="0">
  <testcase classname="testNGPKG.Fileuploadpgm" name="test1" time="9.069"/>
  <system-out/>
</testsuite> <!-- testNGPKG.Fileuploadpgm -->
