<?xml version="1.0" encoding="UTF-8"?>
<!-- Generated by org.testng.reporters.JUnitReportReporter -->
<testsuite hostname="DESKTOP-ULU6Q4K" failures="0" tests="1" name="testNGPKG.Gurusite" time="7.064" errors="0" timestamp="2024-05-24T10:31:29 IST" skipped="0">
  <testcase classname="testNGPKG.Gurusite" name="test1" time="7.064"/>
  <system-out/>
</testsuite> <!-- testNGPKG.Gurusite -->
