<?xml version="1.0" encoding="UTF-8"?>
<!-- Generated by org.testng.reporters.JUnitReportReporter -->
<testsuite hostname="DESKTOP-ULU6Q4K" failures="0" tests="1" name="testNGPKG.Parametertest" time="0.011" errors="0" timestamp="2024-05-22T20:18:14 IST" skipped="0">
  <testcase classname="testNGPKG.Parametertest" name="main" time="0.011"/>
  <system-out/>
</testsuite> <!-- testNGPKG.Parametertest -->
