<?xml version="1.0" encoding="UTF-8"?>
<!-- Generated by org.testng.reporters.JUnitReportReporter -->
<testsuite hostname="DESKTOP-ULU6Q4K" failures="0" tests="5" name="testNGPKG.Rishiherbal" time="248.615" errors="0" timestamp="2024-07-03T20:48:59 IST" skipped="0">
  <testcase classname="testNGPKG.Rishiherbal" name="test3" time="126.069"/>
  <system-out/>
  <testcase classname="testNGPKG.Rishiherbal" name="test4" time="39.267"/>
  <system-out/>
  <testcase classname="testNGPKG.Rishiherbal" name="scrnsht" time="1.481"/>
  <system-out/>
  <testcase classname="testNGPKG.Rishiherbal" name="test1" time="43.450"/>
  <system-out/>
  <testcase classname="testNGPKG.Rishiherbal" name="linkcount" time="38.348"/>
  <system-out/>
</testsuite> <!-- testNGPKG.Rishiherbal -->
