<?xml version="1.0" encoding="UTF-8"?>
<!-- Generated by org.testng.reporters.JUnitReportReporter -->
<testsuite hostname="DESKTOP-ULU6Q4K" failures="0" tests="1" name="test.FBlogintest" time="3.040" errors="0" timestamp="2024-06-02T21:53:32 IST" skipped="0">
  <testcase classname="test.FBlogintest" name="testlogin" time="3.040"/>
  <system-out/>
</testsuite> <!-- test.FBlogintest -->
