<?xml version="1.0" encoding="UTF-8"?>
<!-- Generated by org.testng.reporters.JUnitReportReporter -->
<testsuite hostname="DESKTOP-ULU6Q4K" failures="0" tests="4" name="pkg.TestNgdemo1" time="0.017" errors="0" timestamp="2024-05-21T11:52:58 IST" skipped="1">
  <testcase classname="pkg.TestNgdemo1" name="test2" time="0.011"/>
  <system-out/>
  <testcase classname="pkg.TestNgdemo1" name="test2" time="0.004"/>
  <system-out/>
  <testcase classname="pkg.TestNgdemo1" name="test3" time="0.002"/>
  <system-out/>
  <testcase classname="pkg.TestNgdemo1" name="test1">
    <skipped/>
  </testcase> <!-- test1 -->
  <system-out/>
</testsuite> <!-- pkg.TestNgdemo1 -->
