<?xml version="1.0" encoding="UTF-8"?>
<!-- Generated by org.testng.reporters.JUnitReportReporter -->
<testsuite hostname="DESKTOP-ULU6Q4K" failures="0" tests="1" name="testNGPKG.Actionspgm" time="3.953" errors="0" timestamp="2024-05-23T10:21:51 IST" skipped="0">
  <testcase classname="testNGPKG.Actionspgm" name="test1" time="3.953"/>
  <system-out/>
</testsuite> <!-- testNGPKG.Actionspgm -->
